2021-01-11 11:38:34.769274 up  - - - UP starting - - -
2021-01-11 11:38:34.772072 up Start with route_dir=/home/runar/bin/up, route_port=8100
2021-01-11 11:38:34.772544 up --- FOUND service         win_service_camera.py
2021-01-11 11:38:34.772960 up --- FOUND service         service_camera_config.py
2021-01-11 11:38:34.773122 up --- FOUND service         service_static.js
2021-01-11 11:38:34.773390 up --- CREATING:    up_route, port: 8100
2021-01-11 11:38:34.773604 up get_free_port: 54841
2021-01-11 11:38:34.773637 up --- STARTING:    camera, command: ['/usr/bin/python3', '-u', 'win_service_camera.py', '--port=54841', '--routerHost=http://127.0.1.1:8100']
2021-01-11 11:38:34.780575 up get_free_port: 54842
2021-01-11 11:38:34.780877 up --- STARTING:    camera_config, command: ['/usr/bin/python3', '-u', 'service_camera_config.py', '--port=54842', '--routerHost=http://127.0.1.1:8100']
2021-01-11 11:38:34.789330 up get_free_port: 54843
2021-01-11 11:38:34.789470 up --- STARTING:    static, command: ['node', 'service_static.js', '--port=54843', '--routerHost=http://127.0.1.1:8100']
2021-01-11 11:38:34.800508 up --- STARTING:    up_route, command: ['node', '/home/runar/bin/up/up_route.js', '--port=8100', '--service.camera.port=54841', '--service.camera_config.port=54842', '--service.static.port=54843']
2021-01-11 11:38:34.810719 up ---------------- Start monitoring -----------------
2021-01-11 11:38:34.811841 up --- FOUND service         win_service_camera.py
2021-01-11 11:38:34.812338 up --- FOUND service         service_camera_config.py
2021-01-11 11:38:34.812578 up --- FOUND service         service_static.js
2021-01-11 11:38:36.814175 up --- FOUND service         win_service_camera.py
2021-01-11 11:38:36.816471 up --- FOUND service         service_camera_config.py
2021-01-11 11:38:36.816803 up --- FOUND service         service_static.js
2021-01-11 11:38:38.818639 up --- FOUND service         win_service_camera.py
2021-01-11 11:38:38.819097 up --- FOUND service         service_camera_config.py
2021-01-11 11:38:38.819315 up --- FOUND service         service_static.js
2021-01-11 11:38:40.820163 up --- FOUND service         win_service_camera.py
2021-01-11 11:38:40.820572 up --- FOUND service         service_camera_config.py
2021-01-11 11:38:40.820736 up --- FOUND service         service_static.js
2021-01-11 11:38:42.822656 up --- FOUND service         win_service_camera.py
2021-01-11 11:38:42.823580 up --- FOUND service         service_camera_config.py
2021-01-11 11:38:42.823780 up --- FOUND service         service_static.js
2021-01-11 11:38:44.825709 up --- FOUND service         win_service_camera.py
2021-01-11 11:38:44.826727 up --- FOUND service         service_camera_config.py
2021-01-11 11:38:44.827263 up --- FOUND service         service_static.js
2021-01-11 11:38:46.828501 up --- FOUND service         win_service_camera.py
2021-01-11 11:38:46.828930 up --- FOUND service         service_camera_config.py
2021-01-11 11:38:46.829137 up --- FOUND service         service_static.js
2021-01-11 11:38:48.830100 up --- FOUND service         win_service_camera.py
2021-01-11 11:38:48.830616 up --- FOUND service         service_camera_config.py
2021-01-11 11:38:48.830796 up --- FOUND service         service_static.js
2021-01-11 11:38:50.831846 up --- FOUND service         win_service_camera.py
2021-01-11 11:38:50.832372 up --- FOUND service         service_camera_config.py
2021-01-11 11:38:50.832558 up --- FOUND service         service_static.js
2021-01-11 11:38:52.833946 up --- FOUND service         win_service_camera.py
2021-01-11 11:38:52.834276 up --- FOUND service         service_camera_config.py
2021-01-11 11:38:52.834503 up --- FOUND service         service_static.js
2021-01-11 11:38:54.836263 up --- FOUND service         win_service_camera.py
2021-01-11 11:38:54.836765 up --- FOUND service         service_camera_config.py
2021-01-11 11:38:54.836947 up --- FOUND service         service_static.js
2021-01-11 11:38:56.837665 up --- FOUND service         win_service_camera.py
2021-01-11 11:38:56.838058 up --- FOUND service         service_camera_config.py
2021-01-11 11:38:56.838316 up --- FOUND service         service_static.js
2021-01-11 11:38:58.839660 up --- FOUND service         win_service_camera.py
2021-01-11 11:38:58.840163 up --- FOUND service         service_camera_config.py
2021-01-11 11:38:58.840339 up --- FOUND service         service_static.js
2021-01-11 11:39:00.841834 up --- FOUND service         win_service_camera.py
2021-01-11 11:39:00.842328 up --- FOUND service         service_camera_config.py
2021-01-11 11:39:00.842516 up --- FOUND service         service_static.js
2021-01-11 11:39:02.844040 up --- FOUND service         win_service_camera.py
2021-01-11 11:39:02.844543 up --- FOUND service         service_camera_config.py
2021-01-11 11:39:02.844721 up --- FOUND service         service_static.js
2021-01-11 11:39:04.845621 up --- FOUND service         win_service_camera.py
2021-01-11 11:39:04.845942 up --- FOUND service         service_camera_config.py
2021-01-11 11:39:04.846104 up --- FOUND service         service_static.js
2021-01-11 11:39:06.847100 up --- FOUND service         win_service_camera.py
2021-01-11 11:39:06.847496 up --- FOUND service         service_camera_config.py
2021-01-11 11:39:06.847706 up --- FOUND service         service_static.js
2021-01-11 11:39:08.848721 up --- FOUND service         win_service_camera.py
2021-01-11 11:39:08.849314 up --- FOUND service         service_camera_config.py
2021-01-11 11:39:08.849594 up --- FOUND service         service_static.js
2021-01-11 11:39:10.851260 up --- FOUND service         win_service_camera.py
2021-01-11 11:39:10.852158 up --- FOUND service         service_camera_config.py
2021-01-11 11:39:10.852912 up --- FOUND service         service_static.js
2021-01-11 11:39:12.853994 up --- FOUND service         win_service_camera.py
2021-01-11 11:39:12.854414 up --- FOUND service         service_camera_config.py
2021-01-11 11:39:12.854629 up --- FOUND service         service_static.js
2021-01-11 11:39:14.855727 up --- FOUND service         win_service_camera.py
2021-01-11 11:39:14.856108 up --- FOUND service         service_camera_config.py
2021-01-11 11:39:14.856289 up --- FOUND service         service_static.js
2021-01-11 11:39:16.857027 up --- FOUND service         win_service_camera.py
2021-01-11 11:39:16.857406 up --- FOUND service         service_camera_config.py
2021-01-11 11:39:16.857591 up --- FOUND service         service_static.js
2021-01-11 11:39:18.858752 up --- FOUND service         win_service_camera.py
2021-01-11 11:39:18.859263 up --- FOUND service         service_camera_config.py
2021-01-11 11:39:18.859457 up --- FOUND service         service_static.js
2021-01-11 11:39:20.860372 up --- FOUND service         win_service_camera.py
2021-01-11 11:39:20.860823 up --- FOUND service         service_camera_config.py
2021-01-11 11:39:20.861043 up --- FOUND service         service_static.js
2021-01-11 11:39:22.862185 up --- FOUND service         win_service_camera.py
2021-01-11 11:39:22.862657 up --- FOUND service         service_camera_config.py
2021-01-11 11:39:22.862845 up --- FOUND service         service_static.js
2021-01-11 11:39:24.864857 up --- FOUND service         win_service_camera.py
2021-01-11 11:39:24.865306 up --- FOUND service         service_camera_config.py
2021-01-11 11:39:24.865481 up --- FOUND service         service_static.js
2021-01-11 11:39:26.866434 up --- FOUND service         win_service_camera.py
2021-01-11 11:39:26.866922 up --- FOUND service         service_camera_config.py
2021-01-11 11:39:26.867127 up --- FOUND service         service_static.js
2021-01-11 11:39:28.869606 up --- FOUND service         win_service_camera.py
2021-01-11 11:39:28.871232 up --- FOUND service         service_camera_config.py
2021-01-11 11:39:28.872074 up --- FOUND service         service_static.js
2021-01-11 11:39:30.873869 up --- FOUND service         win_service_camera.py
2021-01-11 11:39:30.874409 up --- FOUND service         service_camera_config.py
2021-01-11 11:39:30.874604 up --- FOUND service         service_static.js
2021-01-11 11:39:32.875983 up --- FOUND service         win_service_camera.py
2021-01-11 11:39:32.876405 up --- FOUND service         service_camera_config.py
2021-01-11 11:39:32.876558 up --- FOUND service         service_static.js
2021-01-11 11:39:34.877412 up --- FOUND service         win_service_camera.py
2021-01-11 11:39:34.877939 up --- FOUND service         service_camera_config.py
2021-01-11 11:39:34.878134 up --- FOUND service         service_static.js
2021-01-11 11:39:36.879289 up --- FOUND service         win_service_camera.py
2021-01-11 11:39:36.879696 up --- FOUND service         service_camera_config.py
2021-01-11 11:39:36.879872 up --- FOUND service         service_static.js
2021-01-11 11:39:38.880713 up --- FOUND service         win_service_camera.py
2021-01-11 11:39:38.881138 up --- FOUND service         service_camera_config.py
2021-01-11 11:39:38.881338 up --- FOUND service         service_static.js
2021-01-11 11:39:40.883119 up --- FOUND service         win_service_camera.py
2021-01-11 11:39:40.883517 up --- FOUND service         service_camera_config.py
2021-01-11 11:39:40.883749 up --- FOUND service         service_static.js
2021-01-11 11:39:42.887294 up --- FOUND service         win_service_camera.py
2021-01-11 11:39:42.888933 up --- FOUND service         service_camera_config.py
2021-01-11 11:39:42.889509 up --- FOUND service         service_static.js
2021-01-11 11:39:44.890778 up --- FOUND service         win_service_camera.py
2021-01-11 11:39:44.891129 up --- FOUND service         service_camera_config.py
2021-01-11 11:39:44.891303 up --- FOUND service         service_static.js
2021-01-11 11:39:46.892517 up --- FOUND service         win_service_camera.py
2021-01-11 11:39:46.892928 up --- FOUND service         service_camera_config.py
2021-01-11 11:39:46.893129 up --- FOUND service         service_static.js
2021-01-11 11:39:48.895233 up --- FOUND service         win_service_camera.py
2021-01-11 11:39:48.895995 up --- FOUND service         service_camera_config.py
2021-01-11 11:39:48.896406 up --- FOUND service         service_static.js
2021-01-11 11:39:50.897929 up --- FOUND service         win_service_camera.py
2021-01-11 11:39:50.898282 up --- FOUND service         service_camera_config.py
2021-01-11 11:39:50.898458 up --- FOUND service         service_static.js
2021-01-11 11:39:52.899772 up --- FOUND service         win_service_camera.py
2021-01-11 11:39:52.900298 up --- FOUND service         service_camera_config.py
2021-01-11 11:39:52.900505 up --- FOUND service         service_static.js
2021-01-11 11:39:54.901335 up --- FOUND service         win_service_camera.py
2021-01-11 11:39:54.901807 up --- FOUND service         service_camera_config.py
2021-01-11 11:39:54.902074 up --- FOUND service         service_static.js
2021-01-11 11:39:56.431456 up  - - - UP starting - - -
2021-01-11 11:39:56.434614 up Start with route_dir=/home/runar/bin/up, route_port=8100
2021-01-11 11:39:56.435173 up --- FOUND service         win_service_camera.py
2021-01-11 11:39:56.435605 up --- FOUND service         service_camera_config.py
2021-01-11 11:39:56.435777 up --- FOUND service         service_static.js
2021-01-11 11:39:56.436125 up --- CREATING:    up_route, port: 8100
2021-01-11 11:39:56.436363 up get_free_port: 54868
2021-01-11 11:39:56.436392 up --- STARTING:    camera, command: ['/usr/bin/python3', '-u', 'win_service_camera.py', '--port=54868', '--routerHost=http://127.0.1.1:8100']
2021-01-11 11:39:56.444523 up get_free_port: 54869
2021-01-11 11:39:56.444652 up --- STARTING:    camera_config, command: ['/usr/bin/python3', '-u', 'service_camera_config.py', '--port=54869', '--routerHost=http://127.0.1.1:8100']
2021-01-11 11:39:56.451158 up get_free_port: 54870
2021-01-11 11:39:56.451249 up --- STARTING:    static, command: ['node', 'service_static.js', '--port=54870', '--routerHost=http://127.0.1.1:8100']
2021-01-11 11:39:56.462007 up --- STARTING:    up_route, command: ['node', '/home/runar/bin/up/up_route.js', '--port=8100', '--service.camera.port=54868', '--service.camera_config.port=54869', '--service.static.port=54870']
2021-01-11 11:39:56.472460 up ---------------- Start monitoring -----------------
2021-01-11 11:39:56.474000 up --- FOUND service         win_service_camera.py
2021-01-11 11:39:56.474725 up --- FOUND service         service_camera_config.py
2021-01-11 11:39:56.474969 up --- FOUND service         service_static.js
2021-01-11 11:39:56.915078 up  - - - UP starting - - -
2021-01-11 11:39:56.917874 up Start with route_dir=/home/runar/bin/up, route_port=8100
2021-01-11 11:39:56.918383 up --- FOUND service         win_service_camera.py
2021-01-11 11:39:56.918839 up --- FOUND service         service_camera_config.py
2021-01-11 11:39:56.918995 up --- FOUND service         service_static.js
2021-01-11 11:39:56.919258 up --- CREATING:    up_route, port: 8100
2021-01-11 11:39:56.919456 up get_free_port: 54872
2021-01-11 11:39:56.919481 up --- STARTING:    camera, command: ['/usr/bin/python3', '-u', 'win_service_camera.py', '--port=54872', '--routerHost=http://127.0.1.1:8100']
2021-01-11 11:39:56.928578 up get_free_port: 54873
2021-01-11 11:39:56.928658 up --- STARTING:    camera_config, command: ['/usr/bin/python3', '-u', 'service_camera_config.py', '--port=54873', '--routerHost=http://127.0.1.1:8100']
2021-01-11 11:39:56.934875 up get_free_port: 54874
2021-01-11 11:39:56.934947 up --- STARTING:    static, command: ['node', 'service_static.js', '--port=54874', '--routerHost=http://127.0.1.1:8100']
2021-01-11 11:39:56.946711 up --- STARTING:    up_route, command: ['node', '/home/runar/bin/up/up_route.js', '--port=8100', '--service.camera.port=54872', '--service.camera_config.port=54873', '--service.static.port=54874']
2021-01-11 11:39:56.956446 up ---------------- Start monitoring -----------------
2021-01-11 11:39:56.959156 up --- FOUND service         win_service_camera.py
2021-01-11 11:39:56.959758 up --- FOUND service         service_camera_config.py
2021-01-11 11:39:56.959996 up --- FOUND service         service_static.js
2021-01-11 11:39:58.963046 up --- FOUND service         win_service_camera.py
2021-01-11 11:39:58.963510 up --- FOUND service         service_camera_config.py
2021-01-11 11:39:58.963705 up --- FOUND service         service_static.js
2021-01-11 11:40:00.964311 up --- FOUND service         win_service_camera.py
2021-01-11 11:40:00.964682 up --- FOUND service         service_camera_config.py
2021-01-11 11:40:00.964868 up --- FOUND service         service_static.js
2021-01-11 11:40:02.966557 up --- FOUND service         win_service_camera.py
2021-01-11 11:40:02.967323 up --- FOUND service         service_camera_config.py
2021-01-11 11:40:02.967717 up --- FOUND service         service_static.js
2021-01-11 11:40:04.969702 up --- FOUND service         win_service_camera.py
2021-01-11 11:40:04.970532 up --- FOUND service         service_camera_config.py
2021-01-11 11:40:04.970922 up --- FOUND service         service_static.js
2021-01-11 11:40:06.972527 up --- FOUND service         win_service_camera.py
2021-01-11 11:40:06.973120 up --- FOUND service         service_camera_config.py
2021-01-11 11:40:06.973341 up --- FOUND service         service_static.js
2021-01-11 11:40:08.974237 up --- FOUND service         win_service_camera.py
2021-01-11 11:40:08.974752 up --- FOUND service         service_camera_config.py
2021-01-11 11:40:08.974947 up --- FOUND service         service_static.js
2021-01-11 11:40:10.976204 up --- FOUND service         win_service_camera.py
2021-01-11 11:40:10.976782 up --- FOUND service         service_camera_config.py
2021-01-11 11:40:10.976976 up --- FOUND service         service_static.js
2021-01-11 11:40:12.978930 up --- FOUND service         win_service_camera.py
2021-01-11 11:40:12.979556 up --- FOUND service         service_camera_config.py
2021-01-11 11:40:12.979880 up --- FOUND service         service_static.js
2021-01-11 11:40:14.980921 up --- FOUND service         win_service_camera.py
2021-01-11 11:40:14.981423 up --- FOUND service         service_camera_config.py
2021-01-11 11:40:14.981617 up --- FOUND service         service_static.js
2021-01-11 11:40:16.982514 up --- FOUND service         win_service_camera.py
2021-01-11 11:40:16.983066 up --- FOUND service         service_camera_config.py
2021-01-11 11:40:16.983252 up --- FOUND service         service_static.js
2021-01-11 11:40:18.984508 up --- FOUND service         win_service_camera.py
2021-01-11 11:40:18.985283 up --- FOUND service         service_camera_config.py
2021-01-11 11:40:18.985642 up --- FOUND service         service_static.js
2021-01-11 11:40:20.987629 up --- FOUND service         win_service_camera.py
2021-01-11 11:40:20.988750 up --- FOUND service         service_camera_config.py
2021-01-11 11:40:20.989290 up --- FOUND service         service_static.js
2021-01-11 11:40:22.991454 up --- FOUND service         win_service_camera.py
2021-01-11 11:40:22.992228 up --- FOUND service         service_camera_config.py
2021-01-11 11:40:22.992586 up --- FOUND service         service_static.js
2021-01-11 11:40:24.994377 up --- FOUND service         win_service_camera.py
2021-01-11 11:40:24.995021 up --- FOUND service         service_camera_config.py
2021-01-11 11:40:24.995350 up --- FOUND service         service_static.js
2021-01-11 11:40:26.996551 up --- FOUND service         win_service_camera.py
2021-01-11 11:40:26.997085 up --- FOUND service         service_camera_config.py
2021-01-11 11:40:26.997293 up --- FOUND service         service_static.js
